<?xml version="1.0" encoding="UTF-8"?>
<coverage generated="1573487786448" clover="3.2.0">
  <project timestamp="1573487786448" name="All files">
    <metrics statements="13" coveredstatements="13" conditionals="19" coveredconditionals="18" methods="4" coveredmethods="4" elements="36" coveredelements="35" complexity="0" loc="13" ncloc="13" packages="4" files="4" classes="4"/>
    <package name="button">
      <metrics statements="4" coveredstatements="4" conditionals="4" coveredconditionals="4" methods="1" coveredmethods="1"/>
      <file name="index.js" path="/home/m-wolff-dos-santos/Projetos/xp-ds/src/button/index.js">
        <metrics statements="4" coveredstatements="4" conditionals="4" coveredconditionals="4" methods="1" coveredmethods="1"/>
        <line num="6" count="2" type="cond" truecount="2" falsecount="0"/>
        <line num="7" count="6" type="cond" truecount="2" falsecount="0"/>
        <line num="8" count="6" type="stmt"/>
        <line num="15" count="2" type="stmt"/>
      </file>
    </package>
    <package name="input">
      <metrics statements="3" coveredstatements="3" conditionals="7" coveredconditionals="7" methods="1" coveredmethods="1"/>
      <file name="index.js" path="/home/m-wolff-dos-santos/Projetos/xp-ds/src/input/index.js">
        <metrics statements="3" coveredstatements="3" conditionals="7" coveredconditionals="7" methods="1" coveredmethods="1"/>
        <line num="6" count="1" type="stmt"/>
        <line num="16" count="10" type="cond" truecount="2" falsecount="0"/>
        <line num="35" count="1" type="stmt"/>
      </file>
    </package>
    <package name="label">
      <metrics statements="3" coveredstatements="3" conditionals="0" coveredconditionals="0" methods="1" coveredmethods="1"/>
      <file name="index.js" path="/home/m-wolff-dos-santos/Projetos/xp-ds/src/label/index.js">
        <metrics statements="3" coveredstatements="3" conditionals="0" coveredconditionals="0" methods="1" coveredmethods="1"/>
        <line num="4" count="2" type="stmt"/>
        <line num="5" count="7" type="stmt"/>
        <line num="8" count="2" type="stmt"/>
      </file>
    </package>
    <package name="media">
      <metrics statements="3" coveredstatements="3" conditionals="8" coveredconditionals="7" methods="1" coveredmethods="1"/>
      <file name="index.js" path="/home/m-wolff-dos-santos/Projetos/xp-ds/src/media/index.js">
        <metrics statements="3" coveredstatements="3" conditionals="8" coveredconditionals="7" methods="1" coveredmethods="1"/>
        <line num="7" count="2" type="cond" truecount="2" falsecount="0"/>
        <line num="8" count="14" type="stmt"/>
        <line num="20" count="2" type="stmt"/>
      </file>
    </package>
  </project>
</coverage>
