{"/home/m-wolff-dos-santos/Projetos/xp-ds/src/button/index.js": {"path":"/home/m-wolff-dos-santos/Projetos/xp-ds/src/button/index.js","statementMap":{"0":{"start":{"line":6,"column":15},"end":{"line":13,"column":1}},"1":{"start":{"line":7,"column":20},"end":{"line":7,"column":52}},"2":{"start":{"line":8,"column":2},"end":{"line":12,"column":3}},"3":{"start":{"line":15,"column":0},"end":{"line":20,"column":1}}},"fnMap":{"0":{"name":"(anonymous_0)","decl":{"start":{"line":6,"column":15},"end":{"line":6,"column":16}},"loc":{"start":{"line":6,"column":89},"end":{"line":13,"column":1}},"line":6}},"branchMap":{"0":{"loc":{"start":{"line":6,"column":28},"end":{"line":6,"column":42}},"type":"default-arg","locations":[{"start":{"line":6,"column":40},"end":{"line":6,"column":42}}],"line":6},"1":{"loc":{"start":{"line":6,"column":57},"end":{"line":6,"column":72}},"type":"default-arg","locations":[{"start":{"line":6,"column":64},"end":{"line":6,"column":72}}],"line":6},"2":{"loc":{"start":{"line":7,"column":20},"end":{"line":7,"column":52}},"type":"cond-expr","locations":[{"start":{"line":7,"column":38},"end":{"line":7,"column":41}},{"start":{"line":7,"column":44},"end":{"line":7,"column":52}}],"line":7}},"s":{"0":2,"1":6,"2":6,"3":2},"f":{"0":6},"b":{"0":[5],"1":[5],"2":[1,5]},"_coverageSchema":"43e27e138ebf9cfc5966b082cf9a028302ed4184","hash":"207d248afa943294171ae66e5d8cca566fe5c3b4"}
,"/home/m-wolff-dos-santos/Projetos/xp-ds/src/input/index.js": {"path":"/home/m-wolff-dos-santos/Projetos/xp-ds/src/input/index.js","statementMap":{"0":{"start":{"line":6,"column":14},"end":{"line":33,"column":1}},"1":{"start":{"line":16,"column":2},"end":{"line":32,"column":8}},"2":{"start":{"line":35,"column":0},"end":{"line":42,"column":2}}},"fnMap":{"0":{"name":"(anonymous_0)","decl":{"start":{"line":6,"column":14},"end":{"line":6,"column":15}},"loc":{"start":{"line":16,"column":2},"end":{"line":32,"column":8}},"line":16}},"branchMap":{"0":{"loc":{"start":{"line":11,"column":2},"end":{"line":11,"column":16}},"type":"default-arg","locations":[{"start":{"line":11,"column":14},"end":{"line":11,"column":16}}],"line":11},"1":{"loc":{"start":{"line":16,"column":37},"end":{"line":16,"column":63}},"type":"cond-expr","locations":[{"start":{"line":16,"column":49},"end":{"line":16,"column":58}},{"start":{"line":16,"column":61},"end":{"line":16,"column":63}}],"line":16},"2":{"loc":{"start":{"line":17,"column":5},"end":{"line":21,"column":5}},"type":"binary-expr","locations":[{"start":{"line":17,"column":5},"end":{"line":17,"column":10}},{"start":{"line":18,"column":6},"end":{"line":20,"column":14}}],"line":17},"3":{"loc":{"start":{"line":25,"column":12},"end":{"line":25,"column":32}},"type":"cond-expr","locations":[{"start":{"line":25,"column":19},"end":{"line":25,"column":23}},{"start":{"line":25,"column":26},"end":{"line":25,"column":32}}],"line":25}},"s":{"0":1,"1":10,"2":1},"f":{"0":10},"b":{"0":[9],"1":[1,9],"2":[10,3],"3":[1,9]},"_coverageSchema":"43e27e138ebf9cfc5966b082cf9a028302ed4184","hash":"ff12b5263eb72be67b45a65e4522fee5d92dbcbd"}
,"/home/m-wolff-dos-santos/Projetos/xp-ds/src/label/index.js": {"path":"/home/m-wolff-dos-santos/Projetos/xp-ds/src/label/index.js","statementMap":{"0":{"start":{"line":4,"column":14},"end":{"line":6,"column":1}},"1":{"start":{"line":5,"column":2},"end":{"line":5,"column":38}},"2":{"start":{"line":8,"column":0},"end":{"line":11,"column":1}}},"fnMap":{"0":{"name":"(anonymous_0)","decl":{"start":{"line":4,"column":14},"end":{"line":4,"column":15}},"loc":{"start":{"line":5,"column":2},"end":{"line":5,"column":38}},"line":5}},"branchMap":{},"s":{"0":2,"1":7,"2":2},"f":{"0":7},"b":{},"_coverageSchema":"43e27e138ebf9cfc5966b082cf9a028302ed4184","hash":"4eb333cfcdfdf0568bf4c52a84b5fa42d1ebef11"}
,"/home/m-wolff-dos-santos/Projetos/xp-ds/src/media/index.js": {"path":"/home/m-wolff-dos-santos/Projetos/xp-ds/src/media/index.js","statementMap":{"0":{"start":{"line":7,"column":14},"end":{"line":18,"column":1}},"1":{"start":{"line":8,"column":2},"end":{"line":17,"column":11}},"2":{"start":{"line":20,"column":0},"end":{"line":25,"column":2}}},"fnMap":{"0":{"name":"(anonymous_0)","decl":{"start":{"line":7,"column":14},"end":{"line":7,"column":15}},"loc":{"start":{"line":8,"column":2},"end":{"line":17,"column":11}},"line":8}},"branchMap":{"0":{"loc":{"start":{"line":7,"column":17},"end":{"line":7,"column":32}},"type":"default-arg","locations":[{"start":{"line":7,"column":28},"end":{"line":7,"column":32}}],"line":7},"1":{"loc":{"start":{"line":7,"column":54},"end":{"line":7,"column":68}},"type":"default-arg","locations":[{"start":{"line":7,"column":66},"end":{"line":7,"column":68}}],"line":7},"2":{"loc":{"start":{"line":10,"column":14},"end":{"line":10,"column":32}},"type":"cond-expr","locations":[{"start":{"line":10,"column":22},"end":{"line":10,"column":27}},{"start":{"line":10,"column":30},"end":{"line":10,"column":32}}],"line":10},"3":{"loc":{"start":{"line":10,"column":38},"end":{"line":10,"column":68}},"type":"cond-expr","locations":[{"start":{"line":10,"column":52},"end":{"line":10,"column":63}},{"start":{"line":10,"column":66},"end":{"line":10,"column":68}}],"line":10},"4":{"loc":{"start":{"line":11,"column":11},"end":{"line":11,"column":37}},"type":"cond-expr","locations":[{"start":{"line":11,"column":22},"end":{"line":11,"column":30}},{"start":{"line":11,"column":33},"end":{"line":11,"column":37}}],"line":11}},"s":{"0":2,"1":14,"2":2},"f":{"0":14},"b":{"0":[9],"1":[14],"2":[4,10],"3":[4,10],"4":[14,0]},"_coverageSchema":"43e27e138ebf9cfc5966b082cf9a028302ed4184","hash":"f52f267c589a44fcd35c2b5a4d0b391494674b3c"}
}
