TN:
SF:/home/m-wolff-dos-santos/Projetos/xp-ds/src/button/index.js
FN:6,(anonymous_0)
FNF:1
FNH:1
FNDA:6,(anonymous_0)
DA:6,2
DA:7,6
DA:8,6
DA:15,2
LF:4
LH:4
BRDA:6,0,0,5
BRDA:6,1,0,5
BRDA:7,2,0,1
BRDA:7,2,1,5
BRF:4
BRH:4
end_of_record
TN:
SF:/home/m-wolff-dos-santos/Projetos/xp-ds/src/input/index.js
FN:6,(anonymous_0)
FNF:1
FNH:1
FNDA:10,(anonymous_0)
DA:6,1
DA:16,10
DA:35,1
LF:3
LH:3
BRDA:11,0,0,9
BRDA:16,1,0,1
BRDA:16,1,1,9
BRDA:17,2,0,10
BRDA:17,2,1,3
BRDA:25,3,0,1
BRDA:25,3,1,9
BRF:7
BRH:7
end_of_record
TN:
SF:/home/m-wolff-dos-santos/Projetos/xp-ds/src/label/index.js
FN:4,(anonymous_0)
FNF:1
FNH:1
FNDA:7,(anonymous_0)
DA:4,2
DA:5,7
DA:8,2
LF:3
LH:3
BRF:0
BRH:0
end_of_record
TN:
SF:/home/m-wolff-dos-santos/Projetos/xp-ds/src/media/index.js
FN:7,(anonymous_0)
FNF:1
FNH:1
FNDA:14,(anonymous_0)
DA:7,2
DA:8,14
DA:20,2
LF:3
LH:3
BRDA:7,0,0,9
BRDA:7,1,0,14
BRDA:10,2,0,4
BRDA:10,2,1,10
BRDA:10,3,0,4
BRDA:10,3,1,10
BRDA:11,4,0,14
BRDA:11,4,1,0
BRF:8
BRH:7
end_of_record
